wandb: Currently logged in as: chirag-vaghela. Use `wandb login --relogin` to force relogin
train: weights=, cfg=yolov5s.yaml, data=sym.yaml, hyp=data/hyps/hyp.scratch-low.yaml, epochs=350, batch_size=16, imgsz=640, rect=False, resume=False, nosave=False, noval=False, noautoanchor=False, noplots=False, evolve=None, bucket=, cache=None, image_weights=False, device=, multi_scale=False, single_cls=False, optimizer=SGD, sync_bn=False, workers=8, project=runs/train, name=exp, exist_ok=False, quad=False, cos_lr=False, label_smoothing=0.0, patience=100, freeze=[0], save_period=-1, local_rank=-1, entity=None, upload_dataset=False, bbox_interval=-1, artifact_alias=latest
github: up to date with https://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@github.com/chiragvaghela91/sym_thesis ✅
YOLOv5 🚀 v6.1-237-gea34b69 Python-3.9.12 torch-1.8.2+cu102 CUDA:0 (Tesla T4, 15110MiB)

hyperparameters: lr0=0.01, lrf=0.01, momentum=0.937, weight_decay=0.0005, warmup_epochs=3.0, warmup_momentum=0.8, warmup_bias_lr=0.1, box=0.05, cls=0.5, cls_pw=1.0, obj=1.0, obj_pw=1.0, iou_t=0.2, anchor_t=4.0, fl_gamma=0.0, hsv_h=0.015, hsv_s=0.7, hsv_v=0.4, degrees=0.0, translate=0.1, scale=0.5, shear=0.0, perspective=0.0, flipud=0.0, fliplr=0.5, mosaic=1.0, mixup=0.0, copy_paste=0.0
TensorBoard: Start with 'tensorboard --logdir runs/train', view at http://localhost:6006/
wandb: wandb version 0.12.20 is available!  To upgrade, please run:
wandb:  $ pip install wandb --upgrade
wandb: Tracking run with wandb version 0.12.17
wandb: Run data is saved locally in /media/SSD2/home/chirag/sym_thesis/wandb/run-20220704_232241-2tfu6d17
wandb: Run `wandb offline` to turn off syncing.
wandb: Syncing run likely-breeze-6
wandb: ⭐️ View project at https://wandb.ai/chirag-vaghela/YOLOv5
wandb: 🚀 View run at https://wandb.ai/chirag-vaghela/YOLOv5/runs/2tfu6d17
YOLOv5 temporarily requires wandb version 0.12.10 or below. Some features may not work as expected.
Overriding model.yaml nc=80 with nc=2

                 from  n    params  module                                  arguments                     
  0                -1  1      3520  models.common.Conv                      [3, 32, 6, 2, 2]              
  1                -1  1     18560  models.common.Conv                      [32, 64, 3, 2]                
  2                -1  1     18816  models.common.C3                        [64, 64, 1]                   
  3                -1  1     73984  models.common.Conv                      [64, 128, 3, 2]               
  4                -1  2    115712  models.common.C3                        [128, 128, 2]                 
  5                -1  1    295424  models.common.Conv                      [128, 256, 3, 2]              
  6                -1  3    625152  models.common.C3                        [256, 256, 3]                 
  7                -1  1   1180672  models.common.Conv                      [256, 512, 3, 2]              
  8                -1  1   1182720  models.common.C3                        [512, 512, 1]                 
  9                -1  1    656896  models.common.SPPF                      [512, 512, 5]                 
 10                -1  1    131584  models.common.Conv                      [512, 256, 1, 1]              
 11                -1  1         0  torch.nn.modules.upsampling.Upsample    [None, 2, 'nearest']          
 12           [-1, 6]  1         0  models.common.Concat                    [1]                           
 13                -1  1    361984  models.common.C3                        [512, 256, 1, False]          
 14                -1  1     33024  models.common.Conv                      [256, 128, 1, 1]              
 15                -1  1         0  torch.nn.modules.upsampling.Upsample    [None, 2, 'nearest']          
 16           [-1, 4]  1         0  models.common.Concat                    [1]                           
 17                -1  1     90880  models.common.C3                        [256, 128, 1, False]          
 18                -1  1    147712  models.common.Conv                      [128, 128, 3, 2]              
 19          [-1, 14]  1         0  models.common.Concat                    [1]                           
 20                -1  1    296448  models.common.C3                        [256, 256, 1, False]          
 21                -1  1    590336  models.common.Conv                      [256, 256, 3, 2]              
 22          [-1, 10]  1         0  models.common.Concat                    [1]                           
 23                -1  1   1182720  models.common.C3                        [512, 512, 1, False]          
 24      [17, 20, 23]  1     18879  models.yolo.Detect                      [2, [[10, 13, 16, 30, 33, 23], [30, 61, 62, 45, 59, 119], [116, 90, 156, 198, 373, 326]], [128, 256, 512]]
YOLOv5s summary: 270 layers, 7025023 parameters, 7025023 gradients, 15.9 GFLOPs

AMP: checks passed ✅
Scaled weight_decay = 0.0005
optimizer: SGD with parameter groups 57 weight (no decay), 60 weight, 60 bias
albumentations: 
train: Scanning '/media/SSD2/home/chirag/sym_thesis/datasets/scrap_yard_hist_equalized/labels/train' images and labels...211 found, 0 missing, 0 
train: New cache created: /media/SSD2/home/chirag/sym_thesis/datasets/scrap_yard_hist_equalized/labels/train.cache
val: Scanning '/media/SSD2/home/chirag/sym_thesis/datasets/scrap_yard_hist_equalized/labels/val' images and labels...40 found, 0 missing, 0 empty
val: New cache created: /media/SSD2/home/chirag/sym_thesis/datasets/scrap_yard_hist_equalized/labels/val.cache
Plotting labels to runs/train/exp5/labels.jpg... 

AutoAnchor: 2.43 anchors/target, 1.000 Best Possible Recall (BPR). Current anchors are a good fit to dataset ✅
Image sizes 640 train, 640 val
Using 4 dataloader workers
Logging results to runs/train/exp5
Starting training for 350 epochs...

     Epoch   gpu_mem       box       obj       cls    labels  img_size
     0/349     3.49G   0.08706   0.03122   0.02155         7       640: 100%|██████████| 14/14 [00:10<00:00,  1.39it/s]                          
               Class     Images     Labels          P          R     mAP@.5 mAP@.5:.95: 100%|██████████| 2/2 [00:00<00:00,  2.61it/s]            
                 all         40         45    0.00197        0.6      0.002   0.000492

     Epoch   gpu_mem       box       obj       cls    labels  img_size
     1/349     3.75G   0.08551   0.03196   0.02212        11       640: 100%|██████████| 14/14 [00:09<00:00,  1.44it/s]                          
               Class     Images     Labels          P          R     mAP@.5 mAP@.5:.95: 100%|██████████| 2/2 [00:00<00:00,  2.71it/s]            
                 all         40         45    0.00256       0.72    0.00235   0.000697

     Epoch   gpu_mem       box       obj       cls    labels  img_size
     2/349     3.75G   0.07001   0.03173   0.01823        11       640: 100%|██████████| 14/14 [00:10<00:00,  1.39it/s]                          
               Class     Images     Labels          P          R     mAP@.5 mAP@.5:.95: 100%|██████████| 2/2 [00:00<00:00,  2.84it/s]            
                 all         40         45    0.00373       0.98    0.00372    0.00126

     Epoch   gpu_mem       box       obj       cls    labels  img_size
     3/349     3.75G   0.07498   0.03108    0.0199         7       640: 100%|██████████| 14/14 [00:10<00:00,  1.31it/s]                          
               Class     Images     Labels          P          R     mAP@.5 mAP@.5:.95: 100%|██████████| 2/2 [00:00<00:00,  3.44it/s]            
                 all         40         45    0.00217       0.64    0.00202   0.000565

     Epoch   gpu_mem       box       obj       cls    labels  img_size
     4/349     3.75G   0.06941   0.03414   0.02018         6       640: 100%|██████████| 14/14 [00:10<00:00,  1.40it/s]                          
               Class     Images     Labels          P          R     mAP@.5 mAP@.5:.95: 100%|██████████| 2/2 [00:00<00:00,  2.85it/s]            
                 all         40         45    0.00224       0.59    0.00188   0.000765


....



 Epoch   gpu_mem       box       obj       cls    labels  img_size
   310/349     3.75G   0.01018  0.008839  0.001241        11       640: 100%|██████████| 14/14 [00:24<00:00,  1.76s/it]                          
               Class     Images     Labels          P          R     mAP@.5 mAP@.5:.95: 100%|██████████| 2/2 [00:00<00:00,  2.15it/s]            
                 all         40         45      0.975          1      0.995      0.877

     Epoch   gpu_mem       box       obj       cls    labels  img_size
   311/349     3.75G  0.008625  0.008572  0.001387         8       640: 100%|██████████| 14/14 [00:19<00:00,  1.37s/it]                          
               Class     Images     Labels          P          R     mAP@.5 mAP@.5:.95: 100%|██████████| 2/2 [00:01<00:00,  1.88it/s]            
                 all         40         45      0.974          1      0.995      0.872

     Epoch   gpu_mem       box       obj       cls    labels  img_size
   312/349     3.75G  0.009376  0.008562 0.0006894        10       640: 100%|██████████| 14/14 [00:23<00:00,  1.67s/it]                          
               Class     Images     Labels          P          R     mAP@.5 mAP@.5:.95: 100%|██████████| 2/2 [00:01<00:00,  1.67it/s]            
                 all         40         45      0.972          1      0.995      0.882
Stopping training early as no improvement observed in last 100 epochs. Best results observed at epoch 212, best model saved as best.pt.
To update EarlyStopping(patience=100) pass a new patience value, i.e. `python train.py --patience 300` or use `--patience 0` to disable EarlyStopping.

313 epochs completed in 1.391 hours.
Optimizer stripped from runs/train/exp5/weights/last.pt, 14.4MB
Optimizer stripped from runs/train/exp5/weights/best.pt, 14.4MB

Validating runs/train/exp5/weights/best.pt...
Fusing layers... 
YOLOv5s summary: 213 layers, 7015519 parameters, 0 gradients, 15.8 GFLOPs
               Class     Images     Labels          P          R     mAP@.5 mAP@.5:.95: 100%|██████████| 2/2 [00:01<00:00,  1.90it/s]            
                 all         40         45      0.973          1      0.993      0.903
            turnings         40         25      0.954          1      0.992      0.945
               rails         40         20      0.991          1      0.995      0.861
Results saved to runs/train/exp5
wandb: Waiting for W&B process to finish... (success).
wandb:                                                                                
wandb: 
wandb: Run history:
wandb:      metrics/mAP_0.5 ▁▂▁▁▄▆▅▇██▇▆████████████████████████████
wandb: metrics/mAP_0.5:0.95 ▁▁▁▁▂▄▃▅▇▇▄▄▇▇▇▇▆▇▇▇████████████▆███████
wandb:    metrics/precision ▁▁▁▁▅▆▅▆▇▇▅▆▇▇█▇▇██▇████████████▇███████
wandb:       metrics/recall ▅▇▄▁▂▆▅▆██▅▃████▇███████████████▇███████
wandb:       train/box_loss █▇▆▄▄▃▃▃▃▂▂▃▃▂▂▂▂▂▂▂▂▂▁▁▂▁▁▁▁▂▂▁▁▂▁▁▁▁▁▁
wandb:       train/cls_loss ██▇▅▄▃▃▂▃▂▂▄▂▂▂▂▂▁▁▁▁▂▁▁▂▁▁▁▂▁▁▁▁▁▁▁▁▁▁▁
wandb:       train/obj_loss ▇█▇▇▆▅▅▄▄▃▃▃▃▃▂▂▂▂▂▂▂▂▂▂▂▂▁▁▁▁▁▁▂▁▁▁▁▁▁▁
wandb:         val/box_loss █▅▆▅▄▃▃▂▂▂▂▃▂▁▁▂▂▁▁▁▁▁▁▁▁▁▁▁▁▁▁▁▂▁▁▁▁▁▁▁
wandb:         val/cls_loss ▇█▆▂▄▂▄▂▁▁▂▄▁▁▁▁▂▁▁▁▁▁▁▁▁▁▁▁▁▁▁▁▁▁▁▁▁▁▁▁
wandb:         val/obj_loss █▇▆▆▅▄▄▃▂▂▄▄▂▂▂▂▃▂▂▂▁▁▁▂▁▁▁▁▁▁▁▁▄▁▁▁▁▁▁▁
wandb:                x/lr0 ▄███▇▇▇▇▇▇▆▆▆▆▆▅▅▅▅▅▅▄▄▄▄▄▃▃▃▃▃▂▂▂▂▂▂▁▁▁
wandb:                x/lr1 ▄███▇▇▇▇▇▇▆▆▆▆▆▅▅▅▅▅▅▄▄▄▄▄▃▃▃▃▃▂▂▂▂▂▂▁▁▁
wandb:                x/lr2 █▂▂▂▂▂▂▂▂▂▂▂▂▂▂▂▂▂▂▂▂▂▂▂▁▁▁▁▁▁▁▁▁▁▁▁▁▁▁▁
wandb: 
wandb: Run summary:
wandb:           best/epoch 212
wandb:         best/mAP_0.5 0.99346
wandb:    best/mAP_0.5:0.95 0.90295
wandb:       best/precision 0.97235
wandb:          best/recall 1.0
wandb:      metrics/mAP_0.5 0.99346
wandb: metrics/mAP_0.5:0.95 0.90314
wandb:    metrics/precision 0.97276
wandb:       metrics/recall 1.0
wandb:       train/box_loss 0.00938
wandb:       train/cls_loss 0.00069
wandb:       train/obj_loss 0.00856
wandb:         val/box_loss 0.00584
wandb:         val/cls_loss 0.00018
wandb:         val/obj_loss 0.00646
wandb:                x/lr0 0.0012
wandb:                x/lr1 0.0012
wandb:                x/lr2 0.0012
wandb: 
wandb: Synced likely-breeze-6: https://wandb.ai/chirag-vaghela/YOLOv5/runs/2tfu6d17
wandb: Synced 5 W&B file(s), 271 media file(s), 1 artifact file(s) and 0 other file(s)
wandb: Find logs at: ./wandb/run-20220704_232241-2tfu6d17/logs

